<?xml version="1.0" encoding="UTF-8"?>
<!-- Generated by org.testng.reporters.JUnitReportReporter -->
<testsuite hostname="admin1-LIVA-Z2V" failures="0" tests="1" name="com.bridgelabz.spotify.RestAPIAssuredDemo" time="4.100" errors="0" timestamp="2020-03-07T18:28:34 IST" skipped="0">
  <testcase classname="com.bridgelabz.spotify.RestAPIAssuredDemo" name="updatePlayList" time="4.100"/>
</testsuite> <!-- com.bridgelabz.spotify.RestAPIAssuredDemo -->
