<?xml version="1.0" encoding="UTF-8"?>
<!-- Generated by org.testng.reporters.JUnitReportReporter -->
<testsuite skipped="0" hostname="chetan-PC" name="com.bridgelabz.spotify.RestAPIAssuredDemo" tests="1" failures="0" timestamp="25 Mar 2020 10:36:15 GMT" time="3.394" errors="0">
  <testcase name="updatePlayList" time="3.394" classname="com.bridgelabz.spotify.RestAPIAssuredDemo"/>
</testsuite> <!-- com.bridgelabz.spotify.RestAPIAssuredDemo -->
