<?xml version="1.0" encoding="UTF-8"?>
<!-- Generated by org.testng.reporters.JUnitReportReporter -->
<testsuite hostname="admin1-LIVA-Z2V" failures="0" tests="1" name="com.bridgelabz.d.RestAPIAssuredDemo" time="4.079" errors="0" timestamp="2020-03-07T14:45:56 IST" skipped="0">
  <testcase classname="com.bridgelabz.d.RestAPIAssuredDemo" name="GetWeatherDetails" time="4.079"/>
</testsuite> <!-- com.bridgelabz.d.RestAPIAssuredDemo -->
