<?xml version="1.0" encoding="UTF-8"?>
<!-- Generated by org.testng.reporters.JUnitReportReporter -->
<testsuite skipped="0" hostname="chetan-PC" name="com.bridgelabz.spotify.RestAPIAssuredDemo" tests="1" failures="0" timestamp="27 Mar 2020 14:10:30 GMT" time="7.232" errors="0">
  <testcase name="getPlaylistTracks" time="7.232" classname="com.bridgelabz.spotify.RestAPIAssuredDemo"/>
</testsuite> <!-- com.bridgelabz.spotify.RestAPIAssuredDemo -->
