<?xml version="1.0" encoding="UTF-8"?>
<!-- Generated by org.testng.reporters.JUnitReportReporter -->
<testsuite hostname="admin1-LIVA-Z2V" failures="0" tests="1" name="com.bridgelabz.testcases.TC_001_Login" time="1.450" errors="0" timestamp="2020-03-05T10:44:31 IST" skipped="0">
  <testcase classname="com.bridgelabz.testcases.TC_001_Login" name="loginTest" time="1.450"/>
</testsuite> <!-- com.bridgelabz.testcases.TC_001_Login -->
