<?xml version="1.0" encoding="UTF-8"?>
<!-- Generated by org.testng.reporters.JUnitReportReporter -->
<testsuite hostname="admin1-LIVA-Z2V" failures="0" tests="3" name="com.bridgelabz.test.FacebookTest_TestNgDemo" time="0.046" errors="0" timestamp="2020-02-28T17:28:40 IST" skipped="0">
  <testcase classname="com.bridgelabz.test.FacebookTest_TestNgDemo" name="googleTitleTest" time="0.025"/>
  <testcase classname="com.bridgelabz.test.FacebookTest_TestNgDemo" name="fblogin" time="0.013"/>
  <testcase classname="com.bridgelabz.test.FacebookTest_TestNgDemo" name="googleSearch" time="0.008"/>
</testsuite> <!-- com.bridgelabz.test.FacebookTest_TestNgDemo -->
