<?xml version="1.0" encoding="UTF-8"?>
<!-- Generated by org.testng.reporters.JUnitReportReporter -->
<testsuite hostname="admin1-LIVA-Z2V" failures="0" tests="2" name="com.bridgelabz.test.GoogleTest" time="12.953" errors="0" timestamp="2020-02-28T18:56:07 IST" skipped="0">
  <testcase classname="com.bridgelabz.test.GoogleTest" name="googleTitleTest" time="5.497"/>
  <testcase classname="com.bridgelabz.test.GoogleTest" name="googleSearch" time="7.456"/>
</testsuite> <!-- com.bridgelabz.test.GoogleTest -->
