<?xml version="1.0" encoding="UTF-8"?>
<!-- Generated by org.testng.reporters.JUnitReportReporter -->
<testsuite hostname="admin1-LIVA-Z2V" failures="0" tests="3" name="com.bridgelabz.test.TestNG_basic" time="0.057" errors="0" timestamp="2020-02-28T18:28:50 IST" skipped="0">
  <testcase classname="com.bridgelabz.test.TestNG_basic" name="googleSearch" time="0.013"/>
  <testcase classname="com.bridgelabz.test.TestNG_basic" name="googleTitleTest" time="0.027"/>
  <testcase classname="com.bridgelabz.test.TestNG_basic" name="fblogin" time="0.017"/>
</testsuite> <!-- com.bridgelabz.test.TestNG_basic -->
