<?xml version="1.0" encoding="UTF-8"?>
<!-- Generated by org.testng.reporters.JUnitReportReporter -->
<testsuite hostname="admin1-LIVA-Z2V" failures="0" tests="2" name="com.bridgelabz.test.FacebookTest" time="37.294" errors="0" timestamp="2020-03-01T16:50:58 IST" skipped="0">
  <testcase classname="com.bridgelabz.test.FacebookTest" name="facebookLogin" time="20.104"/>
  <testcase classname="com.bridgelabz.test.FacebookTest" name="updateProfilePhoto" time="17.190"/>
</testsuite> <!-- com.bridgelabz.test.FacebookTest -->
