<?xml version="1.0" encoding="UTF-8"?>
<!-- Generated by org.testng.reporters.JUnitReportReporter -->
<testsuite hostname="admin1-LIVA-Z2V" failures="0" tests="2" name="com.bridgelabz.test.TestNG_basic" time="0.023" errors="0" timestamp="2020-03-02T09:33:20 IST" skipped="0">
  <testcase classname="com.bridgelabz.test.TestNG_basic" name="fblogin" time="0.018"/>
  <testcase classname="com.bridgelabz.test.TestNG_basic" name="googleTitleTest" time="0.005"/>
</testsuite> <!-- com.bridgelabz.test.TestNG_basic -->
