<?xml version="1.0" encoding="UTF-8"?>
<!-- Generated by org.testng.reporters.JUnitReportReporter -->
<testsuite hostname="admin1-LIVA-Z2V" failures="0" tests="1" name="com.bridgelabz.test.GoogleTest2" time="7.579" errors="0" timestamp="2020-02-28T18:30:56 IST" skipped="0">
  <testcase classname="com.bridgelabz.test.GoogleTest2" name="googleSearch" time="7.579"/>
</testsuite> <!-- com.bridgelabz.test.GoogleTest2 -->
