<?xml version="1.0" encoding="UTF-8"?>
<!-- Generated by org.testng.reporters.JUnitReportReporter -->
<testsuite hostname="admin1-LIVA-Z2V" failures="0" tests="4" name="com.bridgelabz.testcases.TC_001_ValidateLogin" time="52.174" errors="0" timestamp="2020-03-03T18:36:22 IST" skipped="0">
  <testcase classname="com.bridgelabz.testcases.TC_001_ValidateLogin" name="check_Login" time="12.733"/>
  <testcase classname="com.bridgelabz.testcases.TC_001_ValidateLogin" name="check_Login" time="10.752"/>
  <testcase classname="com.bridgelabz.testcases.TC_001_ValidateLogin" name="check_Login" time="15.581"/>
  <testcase classname="com.bridgelabz.testcases.TC_001_ValidateLogin" name="check_Login" time="13.108"/>
</testsuite> <!-- com.bridgelabz.testcases.TC_001_ValidateLogin -->
