<?xml version="1.0" encoding="UTF-8"?>
<!-- Generated by org.testng.reporters.JUnitReportReporter -->
<testsuite hostname="admin1-LIVA-Z2V" failures="0" tests="2" name="com.bridgelabz.testcases.TC_002_Registration" time="19.391" errors="0" timestamp="2020-03-04T13:23:36 IST" skipped="0">
  <testcase classname="com.bridgelabz.testcases.TC_002_Registration" name="checkRegistration" time="9.891"/>
  <testcase classname="com.bridgelabz.testcases.TC_002_Registration" name="checkRegistration" time="9.500"/>
</testsuite> <!-- com.bridgelabz.testcases.TC_002_Registration -->
